<?xml version="1.0" encoding="UTF-8"?>
<!-- Generated by org.testng.reporters.JUnitXMLReporter -->
<testsuite ignored="0" hostname="codespaces-7f51f2" failures="1" tests="1" name="Playwright Test" time="7.458" errors="0" timestamp="2025-04-28T08:12:40 UTC">
  <testcase classname="tests.SampleTest" name="verifyTitle" time="3.2">
    <failure type="java.lang.AssertionError" message="expected [Example Domain] but found [Google]">
      <![CDATA[java.lang.AssertionError: expected [Example Domain] but found [Google]
at tests.SampleTest.verifyTitle(SampleTest.java:14)
at java.base/java.util.ArrayList.forEach(ArrayList.java:1541)
... Removed 37 stack frames]]>
    </failure>
  </testcase> <!-- verifyTitle -->
</testsuite> <!-- Playwright Test -->
